[ 2024-12-05 14:50:09,720 ] 1027 httpx - INFO - HTTP Request: GET https://dagshub.com/api/v1/user "HTTP/1.1 200 OK"
[ 2024-12-05 14:50:09,725 ] 107 dagshub - INFO - Accessing as Prahaladha-Reddy
[ 2024-12-05 14:50:31,934 ] 1027 httpx - INFO - HTTP Request: GET https://dagshub.com/api/v1/repos/Prahaladha-Reddy/Network_Security "HTTP/1.1 200 OK"
[ 2024-12-05 14:50:53,872 ] 1027 httpx - INFO - HTTP Request: GET https://dagshub.com/api/v1/user "HTTP/1.1 200 OK"
[ 2024-12-05 14:50:53,876 ] 107 dagshub - INFO - Initialized MLflow to track repo "Prahaladha-Reddy/Network_Security"
[ 2024-12-05 14:50:53,886 ] 107 dagshub - INFO - Repository Prahaladha-Reddy/Network_Security initialized!
[ 2024-12-05 14:53:16,238 ] 31 root - INFO - Start data Ingestion
[ 2024-12-05 14:54:07,664 ] 65 root - INFO - Performed train test split on the dataframe
[ 2024-12-05 14:54:07,664 ] 67 root - INFO - Exited split_data_as_train_test method of Data_Ingestion class
[ 2024-12-05 14:54:07,665 ] 75 root - INFO - Exporting train and test file path.
[ 2024-12-05 14:54:07,726 ] 84 root - INFO - Exported train and test file path.
[ 2024-12-05 14:54:07,727 ] 34 root - INFO - Data Ingestion completed and artifact: DataIngestionArtifact(trained_file_path='Artifacts\\12_05_2024_14_49_34\\data_ingestion\\ingested\\train.csv', test_file_path='Artifacts\\12_05_2024_14_49_34\\data_ingestion\\ingested\\test.csv')
[ 2024-12-05 14:54:07,738 ] 44 root - INFO - Initiate the data Validation
[ 2024-12-05 14:54:07,827 ] 33 root - INFO - Required number of columns:2
[ 2024-12-05 14:54:07,827 ] 34 root - INFO - Data frame has columns:31
[ 2024-12-05 14:54:07,827 ] 33 root - INFO - Required number of columns:2
[ 2024-12-05 14:54:07,827 ] 34 root - INFO - Data frame has columns:31
[ 2024-12-05 14:54:08,010 ] 51 root - INFO - Entered initiate_data_transformation method of DataTransformation class
[ 2024-12-05 14:54:08,010 ] 53 root - INFO - Starting data transformation
[ 2024-12-05 14:54:08,039 ] 36 root - INFO - Entered get_data_trnasformer_object method of Trnasformation class
[ 2024-12-05 14:54:08,040 ] 41 root - INFO - Initialise KNNImputer with {'missing_values': nan, 'n_neighbors': 3, 'weights': 'uniform'}
[ 2024-12-05 14:54:08,070 ] 46 root - INFO - Entered the save_object method of MainUtils class
[ 2024-12-05 14:54:08,077 ] 50 root - INFO - Exited the save_object method of MainUtils class
[ 2024-12-05 14:54:08,077 ] 46 root - INFO - Entered the save_object method of MainUtils class
[ 2024-12-05 14:54:08,082 ] 50 root - INFO - Exited the save_object method of MainUtils class
[ 2024-12-05 15:05:11,244 ] 46 root - INFO - Entered the save_object method of MainUtils class
[ 2024-12-05 15:05:11,245 ] 50 root - INFO - Exited the save_object method of MainUtils class
[ 2024-12-05 15:05:11,246 ] 46 root - INFO - Entered the save_object method of MainUtils class
[ 2024-12-05 15:05:11,308 ] 50 root - INFO - Exited the save_object method of MainUtils class
[ 2024-12-05 15:05:11,308 ] 139 root - INFO - Model trainer artifact: ModelTrainerArtifact(trained_model_file_path='Artifacts\\12_05_2024_14_49_34\\model_trainer\\trained_model\\model.pkl', train_metric_artifact=ClassificationMetricArtifact(f1_score=np.float64(0.9911791544154922), precision_score=np.float64(0.9906769355492501), recall_score=np.float64(0.9916818827348346)), test_metric_artifact=ClassificationMetricArtifact(f1_score=np.float64(0.9772727272727273), precision_score=np.float64(0.9741100323624595), recall_score=np.float64(0.9804560260586319)))
