[ 2024-12-05 12:10:00,083 ] 1027 httpx - INFO - HTTP Request: GET https://dagshub.com/api/v1/user "HTTP/1.1 200 OK"
[ 2024-12-05 12:10:00,091 ] 107 dagshub - INFO - Accessing as Prahaladha-Reddy
[ 2024-12-05 12:10:01,858 ] 1027 httpx - INFO - HTTP Request: GET https://dagshub.com/api/v1/repos/Prahaladha-Reddy/Network_Security "HTTP/1.1 200 OK"
[ 2024-12-05 12:10:04,788 ] 1027 httpx - INFO - HTTP Request: GET https://dagshub.com/api/v1/user "HTTP/1.1 200 OK"
[ 2024-12-05 12:10:04,792 ] 107 dagshub - INFO - Initialized MLflow to track repo "Prahaladha-Reddy/Network_Security"
[ 2024-12-05 12:10:04,794 ] 107 dagshub - INFO - Repository Prahaladha-Reddy/Network_Security initialized!
[ 2024-12-05 12:10:04,796 ] 17 root - INFO - Created artifact directory at Artifacts\12_05_2024_12_09_53
[ 2024-12-05 12:10:04,797 ] 22 root - INFO - Initiate the data ingestion
[ 2024-12-05 12:10:21,220 ] 65 root - INFO - Performed train test split on the dataframe
[ 2024-12-05 12:10:21,220 ] 67 root - INFO - Exited split_data_as_train_test method of Data_Ingestion class
[ 2024-12-05 12:10:21,220 ] 75 root - INFO - Exporting train and test file path.
[ 2024-12-05 12:10:21,282 ] 84 root - INFO - Exported train and test file path.
[ 2024-12-05 12:10:21,283 ] 24 root - INFO - Data Initiation Completed
[ 2024-12-05 12:10:21,291 ] 28 root - INFO - Initiate the data Validation
[ 2024-12-05 12:10:21,382 ] 33 root - INFO - Required number of columns:2
[ 2024-12-05 12:10:21,383 ] 34 root - INFO - Data frame has columns:31
[ 2024-12-05 12:10:21,383 ] 33 root - INFO - Required number of columns:2
[ 2024-12-05 12:10:21,383 ] 34 root - INFO - Data frame has columns:31
[ 2024-12-05 12:10:21,570 ] 30 root - INFO - data Validation Completed
[ 2024-12-05 12:10:21,571 ] 33 root - INFO - data Transformation started
[ 2024-12-05 12:10:21,571 ] 51 root - INFO - Entered initiate_data_transformation method of DataTransformation class
[ 2024-12-05 12:10:21,571 ] 53 root - INFO - Starting data transformation
[ 2024-12-05 12:10:21,596 ] 36 root - INFO - Entered get_data_trnasformer_object method of Trnasformation class
[ 2024-12-05 12:10:21,596 ] 41 root - INFO - Initialise KNNImputer with {'missing_values': nan, 'n_neighbors': 3, 'weights': 'uniform'}
[ 2024-12-05 12:10:21,624 ] 46 root - INFO - Entered the save_object method of MainUtils class
[ 2024-12-05 12:10:21,630 ] 50 root - INFO - Exited the save_object method of MainUtils class
[ 2024-12-05 12:10:21,630 ] 46 root - INFO - Entered the save_object method of MainUtils class
[ 2024-12-05 12:10:21,639 ] 50 root - INFO - Exited the save_object method of MainUtils class
[ 2024-12-05 12:10:21,641 ] 37 root - INFO - data Transformation completed
[ 2024-12-05 12:10:21,642 ] 38 root - INFO - Model Training stared
[ 2024-12-05 12:15:23,434 ] 870 urllib3.connectionpool - WARNING - Retrying (Retry(total=4, connect=5, read=5, redirect=5, status=5)) after connection broken by 'SSLError(5, '[SYS] unknown error (_ssl.c:2384)')': /Prahaladha-Reddy/Network_Security.mlflow/api/2.0/mlflow-artifacts/artifacts/9bfa42f30d1b44fcb793eb47fe5bbb32/55002646cd0043029956a8a42db57a7c/artifacts/model/model.pkl
[ 2024-12-05 12:19:10,794 ] 46 root - INFO - Entered the save_object method of MainUtils class
[ 2024-12-05 12:19:10,797 ] 50 root - INFO - Exited the save_object method of MainUtils class
[ 2024-12-05 12:19:10,798 ] 46 root - INFO - Entered the save_object method of MainUtils class
[ 2024-12-05 12:19:10,856 ] 50 root - INFO - Exited the save_object method of MainUtils class
[ 2024-12-05 12:19:10,857 ] 144 root - INFO - Model trainer artifact: ModelTrainerArtifact(trained_model_file_path='Artifacts\\12_05_2024_12_09_53\\model_trainer\\trained_model\\model.pkl', train_metric_artifact=ClassificationMetricArtifact(f1_score=np.float64(0.9914979757085021), precision_score=np.float64(0.9896948878561326), recall_score=np.float64(0.9933076455080105)), test_metric_artifact=ClassificationMetricArtifact(f1_score=np.float64(0.978568540234533), precision_score=np.float64(0.9703287890938251), recall_score=np.float64(0.9869494290375204)))
[ 2024-12-05 12:19:10,863 ] 43 root - INFO - Model Training artifact created
