[ 2024-12-04 21:06:00,917 ] 17 root - INFO - Created artifact directory at Artifacts\12_04_2024_21_05_58
[ 2024-12-04 21:06:00,917 ] 22 root - INFO - Initiate the data ingestion
[ 2024-12-04 21:06:08,772 ] 65 root - INFO - Performed train test split on the dataframe
[ 2024-12-04 21:06:08,773 ] 67 root - INFO - Exited split_data_as_train_test method of Data_Ingestion class
[ 2024-12-04 21:06:08,773 ] 75 root - INFO - Exporting train and test file path.
[ 2024-12-04 21:06:08,848 ] 84 root - INFO - Exported train and test file path.
[ 2024-12-04 21:06:08,849 ] 24 root - INFO - Data Initiation Completed
[ 2024-12-04 21:06:08,867 ] 28 root - INFO - Initiate the data Validation
[ 2024-12-04 21:06:08,991 ] 33 root - INFO - Required number of columns:2
[ 2024-12-04 21:06:08,991 ] 34 root - INFO - Data frame has columns:31
[ 2024-12-04 21:06:08,992 ] 33 root - INFO - Required number of columns:2
[ 2024-12-04 21:06:08,992 ] 34 root - INFO - Data frame has columns:31
[ 2024-12-04 21:06:09,150 ] 30 root - INFO - data Validation Completed
[ 2024-12-04 21:06:09,151 ] 33 root - INFO - data Transformation started
[ 2024-12-04 21:06:09,151 ] 61 root - INFO - Entered initiate_data_transformation method of DataTransformation class
[ 2024-12-04 21:06:09,151 ] 63 root - INFO - Starting data transformation
[ 2024-12-04 21:06:09,189 ] 46 root - INFO - Entered get_data_trnasformer_object method of Trnasformation class
[ 2024-12-04 21:06:09,189 ] 51 root - INFO - Initialise KNNImputer with {'missing_values': nan, 'n_neighbors': 3, 'weights': 'uniform'}
[ 2024-12-04 21:06:09,220 ] 46 root - INFO - Entered the save_object method of MainUtils class
[ 2024-12-04 21:06:09,226 ] 50 root - INFO - Exited the save_object method of MainUtils class
[ 2024-12-04 21:06:09,227 ] 46 root - INFO - Entered the save_object method of MainUtils class
[ 2024-12-04 21:06:09,231 ] 50 root - INFO - Exited the save_object method of MainUtils class
[ 2024-12-04 21:06:09,234 ] 37 root - INFO - data Transformation completed
